inapp/build/intermediates/manifest_merge_blame_file/release/processReleaseManifest/manifest-merger-blame-release-report.txt
1<?xml version="1.0" encoding="utf-8"?>
2<manifest xmlns:android="http://schemas.android.com/apk/res/android"
3    package="com.anjlab.android.iab.v3" >
4
5    <uses-sdk android:minSdkVersion="22" />
6
7    <uses-permission android:name="com.android.vending.BILLING" />
7-->src/main/AndroidManifest.xml:5:5-67
7-->src/main/AndroidManifest.xml:5:22-64
8    <uses-permission android:name="com.android.vending.CHECK_LICENSE" />
8-->src/main/AndroidManifest.xml:6:5-73
8-->src/main/AndroidManifest.xml:6:22-70
9
10    <application />
10-->src/main/AndroidManifest.xml:8:5-20
11
12</manifest>